[14:38:40] /home/itri/tvm/src/runtime/logging.cc:272: TVM_LOG_DEBUG enables VLOG statements in 'tir/schedule/transform.cc' up to level 1
2022-09-19 14:38:41.347622: W tensorflow/stream_executor/platform/default/dso_loader.cc:64] Could not load dynamic library 'libcudart.so.11.0'; dlerror: libcudart.so.11.0: cannot open shared object file: No such file or directory
2022-09-19 14:38:41.347674: I tensorflow/stream_executor/cuda/cudart_stub.cc:29] Ignore above cudart dlerror if you do not have a GPU set up on your machine.
2022-09-19 14:38:42.448219: W tensorflow/stream_executor/platform/default/dso_loader.cc:64] Could not load dynamic library 'libcuda.so.1'; dlerror: libcuda.so.1: cannot open shared object file: No such file or directory
2022-09-19 14:38:42.448268: W tensorflow/stream_executor/cuda/cuda_driver.cc:269] failed call to cuInit: UNKNOWN ERROR (303)
2022-09-19 14:38:42.448293: I tensorflow/stream_executor/cuda/cuda_diagnostics.cc:156] kernel driver does not appear to be running on this host (itri-virtual-machine): /proc/driver/nvidia/version does not exist
2022-09-19 14:38:42.448458: I tensorflow/core/platform/cpu_feature_guard.cc:193] This TensorFlow binary is optimized with oneAPI Deep Neural Network Library (oneDNN) to use the following CPU instructions in performance-critical operations:  AVX2 FMA
To enable them in other operations, rebuild TensorFlow with the appropriate compiler flags.
WARNING:tensorflow:Error in loading the saved optimizer state. As a result, your model is starting with a freshly initialized optimizer.
Model: "sequential_1"
_________________________________________________________________
 Layer (type)                Output Shape              Param #   
=================================================================
 conv2d_1 (Conv2D)           (None, 28, 28, 6)         60        
                                                                 
 average_pooling2d_1 (Averag  (None, 14, 14, 6)        0         
 ePooling2D)                                                     
                                                                 
 conv2d_2 (Conv2D)           (None, 14, 14, 16)        880       
                                                                 
 average_pooling2d_2 (Averag  (None, 7, 7, 16)         0         
 ePooling2D)                                                     
                                                                 
 flatten_1 (Flatten)         (None, 784)               0         
                                                                 
 dense_1 (Dense)             (None, 84)                65940     
                                                                 
 dense_2 (Dense)             (None, 10)                850       
                                                                 
=================================================================
Total params: 67,730
Trainable params: 67,730
Non-trainable params: 0
_________________________________________________________________
/home/itri/tvm/python/tvm/driver/build_module.py:271: UserWarning: target_host parameter is going to be deprecated. Please pass in tvm.target.Target(target, host=target_host) instead.
  warnings.warn(
/home/itri/tvm/python/tvm/target/target.py:306: UserWarning: target_host parameter is going to be deprecated. Please pass in tvm.target.Target(target, host=target_host) instead.
  warnings.warn(
lenet5_quant_demo.py:68: DeprecationWarning: legacy graph executor behavior of producing json / lib / params will be removed in the next release. Please see documents of tvm.contrib.graph_executor.GraphModule for the  new recommended usage.
  graph, lib, param = relay.build(mod, target="llvm", target_host="llvm", params=params)
Call tvm/relay/backend/_backend.py -> 23
call tvm/driver/build_module.py -> 238(build)

call tvm/driver/build_module.py -> 130(lower)

Call tvm/driver/build_module.py -> 251(make target_input_mod)

tvm/driver/build_module.py -> 264(annotate_mods)
Call tvm/relay/backend/_backend.py -> 23
call tvm/driver/build_module.py -> 238(build)

call tvm/driver/build_module.py -> 130(lower)

Call tvm/driver/build_module.py -> 251(make target_input_mod)

tvm/driver/build_module.py -> 264(annotate_mods)
Call tvm/relay/backend/_backend.py -> 23
call tvm/driver/build_module.py -> 238(build)

call tvm/driver/build_module.py -> 130(lower)

Call tvm/driver/build_module.py -> 251(make target_input_mod)

tvm/driver/build_module.py -> 264(annotate_mods)
Call tvm/relay/backend/_backend.py -> 23
call tvm/driver/build_module.py -> 238(build)

call tvm/driver/build_module.py -> 130(lower)

Call tvm/driver/build_module.py -> 251(make target_input_mod)

tvm/driver/build_module.py -> 264(annotate_mods)
Call tvm/relay/backend/_backend.py -> 23
call tvm/driver/build_module.py -> 238(build)

call tvm/driver/build_module.py -> 130(lower)

Call tvm/driver/build_module.py -> 251(make target_input_mod)

tvm/driver/build_module.py -> 264(annotate_mods)
Call tvm/relay/backend/_backend.py -> 23
call tvm/driver/build_module.py -> 238(build)

call tvm/driver/build_module.py -> 130(lower)

Call tvm/driver/build_module.py -> 251(make target_input_mod)

tvm/driver/build_module.py -> 264(annotate_mods)
Call tvm/relay/backend/_backend.py -> 23
call tvm/driver/build_module.py -> 238(build)

call tvm/driver/build_module.py -> 130(lower)

Call tvm/driver/build_module.py -> 251(make target_input_mod)

tvm/driver/build_module.py -> 264(annotate_mods)
Call tvm/relay/backend/_backend.py -> 23
call tvm/driver/build_module.py -> 238(build)

call tvm/driver/build_module.py -> 130(lower)

Call tvm/driver/build_module.py -> 251(make target_input_mod)

tvm/driver/build_module.py -> 264(annotate_mods)
Call tvm/relay/backend/_backend.py -> 23
call tvm/driver/build_module.py -> 238(build)

call tvm/driver/build_module.py -> 130(lower)

Call tvm/driver/build_module.py -> 251(make target_input_mod)

tvm/driver/build_module.py -> 264(annotate_mods)
Call tvm/relay/backend/_backend.py -> 23
call tvm/driver/build_module.py -> 238(build)

call tvm/driver/build_module.py -> 130(lower)

Call tvm/driver/build_module.py -> 251(make target_input_mod)

tvm/driver/build_module.py -> 264(annotate_mods)
Call tvm/relay/backend/_backend.py -> 23
call tvm/driver/build_module.py -> 238(build)

call tvm/driver/build_module.py -> 130(lower)

Call tvm/driver/build_module.py -> 251(make target_input_mod)

tvm/driver/build_module.py -> 264(annotate_mods)
Call tvm/relay/backend/_backend.py -> 23
call tvm/driver/build_module.py -> 238(build)

call tvm/driver/build_module.py -> 130(lower)

Call tvm/driver/build_module.py -> 251(make target_input_mod)

tvm/driver/build_module.py -> 264(annotate_mods)
Call tvm/relay/backend/_backend.py -> 23
call tvm/driver/build_module.py -> 238(build)

call tvm/driver/build_module.py -> 130(lower)

Call tvm/driver/build_module.py -> 251(make target_input_mod)

tvm/driver/build_module.py -> 264(annotate_mods)
Call tvm/relay/backend/_backend.py -> 23
call tvm/driver/build_module.py -> 238(build)

call tvm/driver/build_module.py -> 130(lower)

Call tvm/driver/build_module.py -> 251(make target_input_mod)

tvm/driver/build_module.py -> 264(annotate_mods)
Call tvm/relay/backend/_backend.py -> 23
call tvm/driver/build_module.py -> 238(build)

call tvm/driver/build_module.py -> 130(lower)

Call tvm/driver/build_module.py -> 251(make target_input_mod)

tvm/driver/build_module.py -> 264(annotate_mods)
Call tvm/relay/backend/_backend.py -> 23
call tvm/driver/build_module.py -> 238(build)

call tvm/driver/build_module.py -> 130(lower)

Call tvm/driver/build_module.py -> 251(make target_input_mod)

tvm/driver/build_module.py -> 264(annotate_mods)
Call tvm/relay/backend/_backend.py -> 23
call tvm/driver/build_module.py -> 238(build)

call tvm/driver/build_module.py -> 130(lower)

Call tvm/driver/build_module.py -> 251(make target_input_mod)

tvm/driver/build_module.py -> 264(annotate_mods)
Call tvm/relay/backend/_backend.py -> 23
call tvm/driver/build_module.py -> 238(build)

call tvm/driver/build_module.py -> 130(lower)

Call tvm/driver/build_module.py -> 251(make target_input_mod)

tvm/driver/build_module.py -> 264(annotate_mods)
Call tvm/relay/backend/_backend.py -> 23
call tvm/driver/build_module.py -> 238(build)

call tvm/driver/build_module.py -> 130(lower)

Call tvm/driver/build_module.py -> 251(make target_input_mod)

tvm/driver/build_module.py -> 264(annotate_mods)
Call tvm/relay/backend/_backend.py -> 23
call tvm/driver/build_module.py -> 238(build)

call tvm/driver/build_module.py -> 130(lower)

Call tvm/driver/build_module.py -> 251(make target_input_mod)

tvm/driver/build_module.py -> 264(annotate_mods)
